TN:
SF:/Users/vhuerta/Dev/vhuerta/wirelesss-unicorn/wireless-unicorn-body/src/config/index.js
FNF:0
FNH:0
DA:10,1
DA:12,1
LF:2
LH:2
BRF:0
BRH:0
end_of_record
TN:
SF:/Users/vhuerta/Dev/vhuerta/wirelesss-unicorn/wireless-unicorn-body/src/config/jwt.js
FNF:0
FNH:0
DA:1,1
LF:1
LH:1
BRDA:2,0,0,1
BRDA:2,0,1,1
BRDA:3,1,0,1
BRDA:3,1,1,1
BRF:4
BRH:4
end_of_record
TN:
SF:/Users/vhuerta/Dev/vhuerta/wirelesss-unicorn/wireless-unicorn-body/src/config/logger.js
FNF:0
FNH:0
DA:7,1
LF:1
LH:1
BRDA:15,0,0,1
BRDA:15,0,1,1
BRF:2
BRH:2
end_of_record
TN:
SF:/Users/vhuerta/Dev/vhuerta/wirelesss-unicorn/wireless-unicorn-body/src/utils/file.js
FN:12,(anonymous_0)
FN:17,(anonymous_1)
FN:19,(anonymous_2)
FNF:3
FNH:3
FNDA:2,(anonymous_0)
FNDA:2,(anonymous_1)
FNDA:6,(anonymous_2)
DA:1,1
DA:2,1
DA:11,1
DA:14,2
DA:17,2
DA:19,2
DA:21,6
DA:22,4
DA:23,4
DA:24,4
DA:27,2
DA:30,2
LF:12
LH:12
BRDA:12,0,0,0
BRDA:21,1,0,4
BRDA:21,1,1,2
BRF:3
BRH:2
end_of_record
TN:
SF:/Users/vhuerta/Dev/vhuerta/wirelesss-unicorn/wireless-unicorn-body/test/config/index.spec.js
FN:5,(anonymous_0)
FN:6,(anonymous_1)
FNF:2
FNH:2
FNDA:1,(anonymous_0)
FNDA:1,(anonymous_1)
DA:5,1
DA:6,1
DA:7,1
DA:9,1
DA:10,1
LF:5
LH:5
BRF:0
BRH:0
end_of_record
TN:
SF:/Users/vhuerta/Dev/vhuerta/wirelesss-unicorn/wireless-unicorn-body/test/utils/file.spec.js
FN:3,(anonymous_0)
FN:4,(anonymous_1)
FN:5,(anonymous_2)
FNF:3
FNH:3
FNDA:1,(anonymous_0)
FNDA:1,(anonymous_1)
FNDA:1,(anonymous_2)
DA:1,1
DA:3,1
DA:4,1
DA:5,1
DA:6,1
DA:10,1
DA:11,1
DA:12,1
LF:8
LH:8
BRF:0
BRH:0
end_of_record
