TN:
SF:/Users/vhuerta/Dev/vhuerta/wirelesss-bear/wireless-bear-body/src/config/index.js
FNF:0
FNH:0
DA:10,1
DA:12,1
LF:2
LH:2
BRF:0
BRH:0
end_of_record
TN:
SF:/Users/vhuerta/Dev/vhuerta/wirelesss-bear/wireless-bear-body/src/config/jwt.js
FNF:0
FNH:0
DA:1,1
LF:1
LH:1
BRDA:2,0,0,1
BRDA:2,0,1,1
BRDA:3,1,0,1
BRDA:3,1,1,1
BRF:4
BRH:4
end_of_record
TN:
SF:/Users/vhuerta/Dev/vhuerta/wirelesss-bear/wireless-bear-body/src/config/logger.js
FNF:0
FNH:0
DA:7,1
LF:1
LH:1
BRDA:15,0,0,1
BRDA:15,0,1,1
BRF:2
BRH:2
end_of_record
TN:
SF:/Users/vhuerta/Dev/vhuerta/wirelesss-bear/wireless-bear-body/src/utils/file.js
FN:12,(anonymous_0)
FN:17,(anonymous_1)
FN:19,(anonymous_2)
FNF:3
FNH:3
FNDA:3,(anonymous_0)
FNDA:2,(anonymous_1)
FNDA:9,(anonymous_2)
DA:1,1
DA:2,1
DA:11,1
DA:14,3
DA:17,3
DA:19,3
DA:21,9
DA:22,7
DA:23,7
DA:24,7
DA:27,2
DA:30,3
LF:12
LH:12
BRDA:12,0,0,1
BRDA:21,1,0,7
BRDA:21,1,1,2
BRF:3
BRH:3
end_of_record
